<?xml version="1.0" encoding="UTF-8"?>
<!-- Generated by org.testng.reporters.JUnitReportReporter -->
<testsuite hostname="DESKTOP-MA03575" failures="0" tests="6" name="InvocationCount.InvocationCountDemo" time="0.076" errors="0" timestamp="2023-04-10T12:02:26 IST" skipped="0">
  <testcase classname="InvocationCount.InvocationCountDemo" name="testMethod1" time="0.022"/>
  <system-out/>
  <testcase classname="InvocationCount.InvocationCountDemo" name="testMethod1" time="0.010"/>
  <system-out/>
  <testcase classname="InvocationCount.InvocationCountDemo" name="testMethod1" time="0.007"/>
  <system-out/>
  <testcase classname="InvocationCount.InvocationCountDemo" name="testMethod1" time="0.010"/>
  <system-out/>
  <testcase classname="InvocationCount.InvocationCountDemo" name="testMethod1" time="0.012"/>
  <system-out/>
  <testcase classname="InvocationCount.InvocationCountDemo" name="testMethod2" time="0.015"/>
  <system-out/>
</testsuite> <!-- InvocationCount.InvocationCountDemo -->
