<?xml version="1.0" encoding="UTF-8"?>
<!-- Generated by org.testng.reporters.JUnitReportReporter -->
<testsuite hostname="DESKTOP-MA03575" failures="0" tests="1" name="CustomListeners.TestFailure" time="0.024" errors="0" timestamp="2023-04-02T23:52:24 IST" skipped="0">
  <testcase classname="CustomListeners.TestFailure" name="loginByFacebook" time="0.024"/>
  <system-out/>
</testsuite> <!-- CustomListeners.TestFailure -->
