<?xml version="1.0" encoding="UTF-8"?>
<!-- Generated by org.testng.reporters.JUnitReportReporter -->
<testsuite hostname="DESKTOP-MA03575" failures="0" tests="2" name="ParallelTestNG.ParallelTest" time="6.517" errors="0" timestamp="2023-04-08T16:38:39 IST" skipped="0">
  <testcase classname="ParallelTestNG.ParallelTest" name="VerifyTitle" time="6.055"/>
  <system-out/>
  <testcase classname="ParallelTestNG.ParallelTest" name="VerifyLogo" time="0.462"/>
  <system-out/>
</testsuite> <!-- ParallelTestNG.ParallelTest -->
