<?xml version="1.0" encoding="UTF-8"?>
<!-- Generated by org.testng.reporters.JUnitReportReporter -->
<testsuite hostname="DESKTOP-MA03575" failures="0" tests="1" name="Parameterization.AutomobileClassParam" time="0.006" errors="0" timestamp="2023-04-08T01:10:44 IST" skipped="0">
  <testcase classname="Parameterization.AutomobileClassParam" name="testCase1" time="0.006"/>
  <system-out/>
</testsuite> <!-- Parameterization.AutomobileClassParam -->
