<?xml version="1.0" encoding="UTF-8"?>
<!-- Generated by org.testng.reporters.JUnitReportReporter -->
<testsuite hostname="DESKTOP-MA03575" failures="0" tests="3" name="Parameterization.TestNGParameterizationExcel" time="0.035" errors="0" timestamp="2023-04-08T01:10:45 IST" skipped="0">
  <testcase classname="Parameterization.TestNGParameterizationExcel" name="mul" time="0.004"/>
  <system-out/>
  <testcase classname="Parameterization.TestNGParameterizationExcel" name="add" time="0.028"/>
  <system-out/>
  <testcase classname="Parameterization.TestNGParameterizationExcel" name="sub" time="0.003"/>
  <system-out/>
</testsuite> <!-- Parameterization.TestNGParameterizationExcel -->
