<?xml version="1.0" encoding="UTF-8"?>
<!-- Generated by org.testng.reporters.JUnitReportReporter -->
<testsuite hostname="DESKTOP-MA03575" failures="0" tests="3" name="TestNGPackage.TestParameterization" time="0.038" errors="0" timestamp="2023-04-07T10:47:36 IST" skipped="0">
  <testcase classname="TestNGPackage.TestParameterization" name="dologin" time="0.003"/>
  <system-out/>
  <testcase classname="TestNGPackage.TestParameterization" name="dologin" time="0.030"/>
  <system-out/>
  <testcase classname="TestNGPackage.TestParameterization" name="dologin" time="0.005"/>
  <system-out/>
</testsuite> <!-- TestNGPackage.TestParameterization -->
