<?xml version="1.0" encoding="UTF-8"?>
<!-- Generated by org.testng.reporters.JUnitReportReporter -->
<testsuite hostname="DESKTOP-MA03575" failures="0" tests="1" name="ParallelTestNG.LoginTest" time="4.555" errors="0" timestamp="2023-04-08T16:38:39 IST" skipped="0">
  <testcase classname="ParallelTestNG.LoginTest" name="VerifyLogin" time="4.555"/>
  <system-out/>
</testsuite> <!-- ParallelTestNG.LoginTest -->
