<?xml version="1.0" encoding="UTF-8"?>
<!-- Generated by org.testng.reporters.JUnitReportReporter -->
<testsuite hostname="DESKTOP-MA03575" failures="0" tests="1" name="Parameterization.SoftwareCompParams" time="0.004" errors="0" timestamp="2023-04-08T01:10:45 IST" skipped="0">
  <testcase classname="Parameterization.SoftwareCompParams" name="testCase1" time="0.004"/>
  <system-out/>
</testsuite> <!-- Parameterization.SoftwareCompParams -->
