<?xml version="1.0" encoding="UTF-8"?>
<!-- Generated by org.testng.reporters.JUnitReportReporter -->
<testsuite hostname="DESKTOP-MA03575" failures="0" tests="3" name="BatchTesting.ProductPageTest" time="0.016" errors="0" timestamp="2023-04-10T00:53:55 IST" skipped="0">
  <testcase classname="BatchTesting.ProductPageTest" name="SelectQuantity" time="0.007"/>
  <system-out/>
  <testcase classname="BatchTesting.ProductPageTest" name="AddProductToCart" time="0.005"/>
  <system-out/>
  <testcase classname="BatchTesting.ProductPageTest" name="AddProductToWishlist" time="0.004"/>
  <system-out/>
</testsuite> <!-- BatchTesting.ProductPageTest -->
