<?xml version="1.0" encoding="UTF-8"?>
<!-- Generated by org.testng.reporters.JUnitReportReporter -->
<testsuite hostname="DESKTOP-MA03575" failures="0" tests="3" name="BatchTesting.HomeScreenTest" time="0.032" errors="0" timestamp="2023-05-30T15:36:31 IST" skipped="0">
  <testcase classname="BatchTesting.HomeScreenTest" name="VerifyLogo" time="0.002"/>
  <system-out/>
  <testcase classname="BatchTesting.HomeScreenTest" name="LaunchApplication" time="0.027"/>
  <system-out/>
  <testcase classname="BatchTesting.HomeScreenTest" name="VerifyTitle" time="0.003"/>
  <system-out/>
</testsuite> <!-- BatchTesting.HomeScreenTest -->
